<?xml version="1.0" encoding="utf-8"?><testsuites><testsuite name="pytest" errors="0" failures="0" skipped="0" tests="8" time="89.467" timestamp="2024-04-19T14:44:38.407591" hostname="DESKTOP-4KIF8N0"><testcase classname="tests.step_definitions.test_mitigram" name="test_invalid_login[test_user@mitigram.com-testing@123-Invalid login attempt.]" time="7.713" /><testcase classname="tests.step_definitions.test_mitigram" name="test_invalid_login[test_user-testing@123-The Email field is not a valid e-mail address.]" time="11.869" /><testcase classname="tests.step_definitions.test_mitigram" name="test_invalid_login[test_user.com-testing@123-The Email field is not a valid e-mail address.]" time="11.747" /><testcase classname="tests.step_definitions.test_mitigram" name="test_invalid_login[&lt;BLANK&gt;-testing@123-Email is required The Email field is not a valid e-mail address.]" time="11.570" /><testcase classname="tests.step_definitions.test_mitigram" name="test_invalid_login[test_user@mitigram.com-&lt;BLANK&gt;-Password is required]" time="11.506" /><testcase classname="tests.step_definitions.test_mitigram" name="test_invalid_login[&lt;BLANK&gt;-&lt;BLANK&gt;-Email is required The Email field is not a valid e-mail address.]" time="11.749" /><testcase classname="tests.step_definitions.test_mitigram" name="test_verify_careers_page" time="11.484" /><testcase classname="tests.step_definitions.test_mitigram" name="test_verify_open_positions" time="11.778" /></testsuite></testsuites>