<?xml version="1.0" encoding="utf-8"?><testsuites><testsuite name="pytest" errors="0" failures="0" skipped="0" tests="8" time="74.211" timestamp="2024-04-19T15:32:42.495863" hostname="DESKTOP-4KIF8N0"><testcase classname="tests.step_definitions.test_mitigram" name="test_invalid_login[test_user@mitigram.com-testing@123-Invalid login attempt.]" time="6.547" /><testcase classname="tests.step_definitions.test_mitigram" name="test_invalid_login[test_user-testing@123-The Email field is not a valid e-mail address.]" time="9.440" /><testcase classname="tests.step_definitions.test_mitigram" name="test_invalid_login[test_user.com-testing@123-The Email field is not a valid e-mail address.]" time="9.768" /><testcase classname="tests.step_definitions.test_mitigram" name="test_invalid_login[&lt;BLANK&gt;-testing@123-Email is required The Email field is not a valid e-mail address.]" time="9.538" /><testcase classname="tests.step_definitions.test_mitigram" name="test_invalid_login[test_user@mitigram.com-&lt;BLANK&gt;-Password is required]" time="9.959" /><testcase classname="tests.step_definitions.test_mitigram" name="test_invalid_login[&lt;BLANK&gt;-&lt;BLANK&gt;-Email is required The Email field is not a valid e-mail address.]" time="9.685" /><testcase classname="tests.step_definitions.test_mitigram" name="test_verify_careers_page" time="9.549" /><testcase classname="tests.step_definitions.test_mitigram" name="test_verify_open_positions" time="9.673" /></testsuite></testsuites>